<?xml version="1.0" encoding="UTF-8"?>
<!-- Generated by org.testng.reporters.JUnitReportReporter -->
<testsuite hostname="DESKTOP-LTDBP17" failures="0" tests="3" name="automationPractice.MohamedRagab.Login" time="32.124" errors="0" timestamp="2021-03-17T23:33:53 EET" skipped="0">
  <testcase classname="automationPractice.MohamedRagab.Login" name="registerUsingValidData" time="13.854"/>
  <system-out/>
  <testcase classname="automationPractice.MohamedRagab.Login" name="loginUsingValidEmailAndPassword" time="6.126"/>
  <system-out/>
  <testcase classname="automationPractice.MohamedRagab.Login" name="cartCheckout" time="12.144"/>
  <system-out/>
</testsuite> <!-- automationPractice.MohamedRagab.Login -->
