<?xml version="1.0" encoding="UTF-8"?>
<!-- Generated by org.testng.reporters.JUnitReportReporter -->
<testsuite hostname="DESKTOP-LTDBP17" failures="0" tests="4" name="apiTCS.PostApi" time="7.050" errors="0" timestamp="2021-03-18T01:05:31 EET" skipped="0">
  <testcase classname="apiTCS.PostApi" name="getAllPosts" time="5.826"/>
  <system-out/>
  <testcase classname="apiTCS.PostApi" name="getPostById" time="0.405"/>
  <system-out/>
  <testcase classname="apiTCS.PostApi" name="getPostWrongId" time="0.293"/>
  <system-out/>
  <testcase classname="apiTCS.PostApi" name="createPost" time="0.526"/>
  <system-out/>
</testsuite> <!-- apiTCS.PostApi -->
