<?xml version="1.0" encoding="UTF-8"?>
<!-- Generated by org.testng.reporters.JUnitReportReporter -->
<testsuite hostname="DESKTOP-LTDBP17" failures="0" tests="4" name="apiAutomation.Tests.ApiTests" time="7.854" errors="0" timestamp="2021-03-19T01:11:43 EET" skipped="0">
  <testcase classname="apiAutomation.Tests.ApiTests" name="getAllPosts" time="5.924"/>
  <system-out/>
  <testcase classname="apiAutomation.Tests.ApiTests" name="getPostById" time="0.483"/>
  <system-out/>
  <testcase classname="apiAutomation.Tests.ApiTests" name="getPostWrongId" time="0.791"/>
  <system-out/>
  <testcase classname="apiAutomation.Tests.ApiTests" name="createPost" time="0.656"/>
  <system-out/>
</testsuite> <!-- apiAutomation.Tests.ApiTests -->
