<?xml version="1.0" encoding="UTF-8"?>
<!-- Generated by org.testng.reporters.JUnitReportReporter -->
<testsuite hostname="DESKTOP-LTDBP17" failures="0" tests="3" name="automationPractice.MohamedRagab.TestRegisterLoginCheckout" time="32.532" errors="0" timestamp="2021-03-17T23:42:36 EET" skipped="0">
  <testcase classname="automationPractice.MohamedRagab.TestRegisterLoginCheckout" name="registerUsingValidData" time="14.270"/>
  <system-out/>
  <testcase classname="automationPractice.MohamedRagab.TestRegisterLoginCheckout" name="loginUsingValidEmailAndPassword" time="5.556"/>
  <system-out/>
  <testcase classname="automationPractice.MohamedRagab.TestRegisterLoginCheckout" name="cartCheckout" time="12.706"/>
  <system-out/>
</testsuite> <!-- automationPractice.MohamedRagab.TestRegisterLoginCheckout -->
