<?xml version="1.0" encoding="UTF-8"?>
<!-- Generated by org.testng.reporters.JUnitReportReporter -->
<testsuite hostname="DESKTOP-LTDBP17" failures="0" tests="3" name="automationPractice.Tests.TestRegisterLoginCheckout" time="54.007" errors="0" timestamp="2021-03-19T01:13:01 EET" skipped="0">
  <testcase classname="automationPractice.Tests.TestRegisterLoginCheckout" name="registerUsingValidData" time="24.090"/>
  <system-out/>
  <testcase classname="automationPractice.Tests.TestRegisterLoginCheckout" name="loginUsingValidEmailAndPassword" time="6.395"/>
  <system-out/>
  <testcase classname="automationPractice.Tests.TestRegisterLoginCheckout" name="cartCheckout" time="23.522"/>
  <system-out/>
</testsuite> <!-- automationPractice.Tests.TestRegisterLoginCheckout -->
